# JRE version: OpenJDK Runtime Environment Temurin-17.0.8.1+1 (17.0.8.1+1) (build 17.0.8.1+1)
# Java VM: OpenJDK 64-Bit Server VM Temurin-17.0.8.1+1 (17.0.8.1+1, mixed mode, tiered, compressed oops, compressed class ptrs, parallel gc, windows-amd64)
GC Precious Log:
 CPUs: 8 total, 8 available
 Memory: 12172M
 Large Page Support: Disabled
 NUMA Support: Disabled
 Compressed Oops: Enabled (32-bit)
 Alignments: Space 512K, Generation 512K, Heap 2M
 Heap Min Capacity: 100M
 Heap Initial Capacity: 100M
 Heap Max Capacity: 1G
 Pre-touch: Disabled
 Parallel Workers: 8
Heap:
 PSYoungGen      total 2048K, used 1004K [0x00000000eab00000, 0x00000000eb280000, 0x0000000100000000)
  eden space 1024K, 0% used [0x00000000eab00000,0x00000000eab00000,0x00000000eac00000)
  from space 1024K, 98% used [0x00000000eae80000,0x00000000eaf7b040,0x00000000eaf80000)
  to   space 2560K, 0% used [0x00000000eac00000,0x00000000eac00000,0x00000000eae80000)
 ParOldGen       total 130560K, used 129911K [0x00000000c0000000, 0x00000000c7f80000, 0x00000000eab00000)
  object space 130560K, 99% used [0x00000000c0000000,0x00000000c7edde40,0x00000000c7f80000)
 Metaspace       used 93875K, committed 95168K, reserved 1179648K
  class space    used 9093K, committed 9664K, reserved 1048576K
GC Heap History (20 events):
Event: 12871.216 GC heap after
{Heap after GC invocations=7526 (full 217):
 PSYoungGen      total 3584K, used 256K [0x00000000eab00000, 0x00000000eaf00000, 0x0000000100000000)
  eden space 2560K, 0% used [0x00000000eab00000,0x00000000eab00000,0x00000000ead80000)
  from space 1024K, 25% used [0x00000000ead80000,0x00000000eadc0000,0x00000000eae80000)
  to   space 512K, 0% used [0x00000000eae80000,0x00000000eae80000,0x00000000eaf00000)
 ParOldGen       total 130560K, used 122882K [0x00000000c0000000, 0x00000000c7f80000, 0x00000000eab00000)
  object space 130560K, 94% used [0x00000000c0000000,0x00000000c7800bc8,0x00000000c7f80000)
 Metaspace       used 93875K, committed 95168K, reserved 1179648K
  class space    used 9093K, committed 9664K, reserved 1048576K
}
Event: 12871.336 GC heap before
{Heap before GC invocations=7527 (full 217):
 PSYoungGen      total 3584K, used 2816K [0x00000000eab00000, 0x00000000eaf00000, 0x0000000100000000)
  eden space 2560K, 100% used [0x00000000eab00000,0x00000000ead80000,0x00000000ead80000)
  from space 1024K, 25% used [0x00000000ead80000,0x00000000eadc0000,0x00000000eae80000)
  to   space 512K, 0% used [0x00000000eae80000,0x00000000eae80000,0x00000000eaf00000)
 ParOldGen       total 130560K, used 122882K [0x00000000c0000000, 0x00000000c7f80000, 0x00000000eab00000)
  object space 130560K, 94% used [0x00000000c0000000,0x00000000c7800bc8,0x00000000c7f80000)
 Metaspace       used 93875K, committed 95168K, reserved 1179648K
  class space    used 9093K, committed 9664K, reserved 1048576K
}
Event: 12871.337 GC heap after
{Heap after GC invocations=7527 (full 217):
 PSYoungGen      total 3072K, used 496K [0x00000000eab00000, 0x00000000eaf80000, 0x0000000100000000)
  eden space 2560K, 0% used [0x00000000eab00000,0x00000000eab00000,0x00000000ead80000)
  from space 512K, 96% used [0x00000000eae80000,0x00000000eaefc010,0x00000000eaf00000)
  to   space 1024K, 0% used [0x00000000ead80000,0x00000000ead80000,0x00000000eae80000)
 ParOldGen       total 130560K, used 122930K [0x00000000c0000000, 0x00000000c7f80000, 0x00000000eab00000)
  object space 130560K, 94% used [0x00000000c0000000,0x00000000c780cbc8,0x00000000c7f80000)
 Metaspace       used 93875K, committed 95168K, reserved 1179648K
  class space    used 9093K, committed 9664K, reserved 1048576K
}
Event: 12871.598 GC heap before
{Heap before GC invocations=7528 (full 217):
 PSYoungGen      total 3072K, used 3056K [0x00000000eab00000, 0x00000000eaf80000, 0x0000000100000000)
  eden space 2560K, 100% used [0x00000000eab00000,0x00000000ead80000,0x00000000ead80000)
  from space 512K, 96% used [0x00000000eae80000,0x00000000eaefc010,0x00000000eaf00000)
  to   space 1024K, 0% used [0x00000000ead80000,0x00000000ead80000,0x00000000eae80000)
 ParOldGen       total 130560K, used 122930K [0x00000000c0000000, 0x00000000c7f80000, 0x00000000eab00000)
  object space 130560K, 94% used [0x00000000c0000000,0x00000000c780cbc8,0x00000000c7f80000)
 Metaspace       used 93875K, committed 95168K, reserved 1179648K
  class space    used 9093K, committed 9664K, reserved 1048576K
}
Event: 12871.599 GC heap after
{Heap after GC invocations=7528 (full 217):
 PSYoungGen      total 3584K, used 320K [0x00000000eab00000, 0x00000000eaf00000, 0x0000000100000000)
  eden space 2560K, 0% used [0x00000000eab00000,0x00000000eab00000,0x00000000ead80000)
  from space 1024K, 31% used [0x00000000ead80000,0x00000000eadd0000,0x00000000eae80000)
  to   space 512K, 0% used [0x00000000eae80000,0x00000000eae80000,0x00000000eaf00000)
 ParOldGen       total 130560K, used 123325K [0x00000000c0000000, 0x00000000c7f80000, 0x00000000eab00000)
  object space 130560K, 94% used [0x00000000c0000000,0x00000000c786f5f0,0x00000000c7f80000)
 Metaspace       used 93875K, committed 95168K, reserved 1179648K
  class space    used 9093K, committed 9664K, reserved 1048576K
}
Event: 12871.604 GC heap before
{Heap before GC invocations=7529 (full 217):
 PSYoungGen      total 3584K, used 2879K [0x00000000eab00000, 0x00000000eaf00000, 0x0000000100000000)
  eden space 2560K, 99% used [0x00000000eab00000,0x00000000ead7ff68,0x00000000ead80000)
  from space 1024K, 31% used [0x00000000ead80000,0x00000000eadd0000,0x00000000eae80000)
  to   space 512K, 0% used [0x00000000eae80000,0x00000000eae80000,0x00000000eaf00000)
 ParOldGen       total 130560K, used 123325K [0x00000000c0000000, 0x00000000c7f80000, 0x00000000eab00000)
  object space 130560K, 94% used [0x00000000c0000000,0x00000000c786f5f0,0x00000000c7f80000)
 Metaspace       used 93875K, committed 95168K, reserved 1179648K
  class space    used 9093K, committed 9664K, reserved 1048576K
}
Event: 12871.605 GC heap after
{Heap after GC invocations=7529 (full 217):
 PSYoungGen      total 1024K, used 486K [0x00000000eab00000, 0x00000000eb380000, 0x0000000100000000)
  eden space 512K, 0% used [0x00000000eab00000,0x00000000eab00000,0x00000000eab80000)
  from space 512K, 94% used [0x00000000eae80000,0x00000000eaef9820,0x00000000eaf00000)
  to   space 3072K, 0% used [0x00000000eab80000,0x00000000eab80000,0x00000000eae80000)
 ParOldGen       total 130560K, used 125173K [0x00000000c0000000, 0x00000000c7f80000, 0x00000000eab00000)
  object space 130560K, 95% used [0x00000000c0000000,0x00000000c7a3d710,0x00000000c7f80000)
 Metaspace       used 93875K, committed 95168K, reserved 1179648K
  class space    used 9093K, committed 9664K, reserved 1048576K
}
Event: 12871.606 GC heap before
{Heap before GC invocations=7530 (full 217):
 PSYoungGen      total 1024K, used 998K [0x00000000eab00000, 0x00000000eb380000, 0x0000000100000000)
  eden space 512K, 100% used [0x00000000eab00000,0x00000000eab80000,0x00000000eab80000)
  from space 512K, 94% used [0x00000000eae80000,0x00000000eaef9820,0x00000000eaf00000)
  to   space 3072K, 0% used [0x00000000eab80000,0x00000000eab80000,0x00000000eae80000)
 ParOldGen       total 130560K, used 125173K [0x00000000c0000000, 0x00000000c7f80000, 0x00000000eab00000)
  object space 130560K, 95% used [0x00000000c0000000,0x00000000c7a3d710,0x00000000c7f80000)
 Metaspace       used 93875K, committed 95168K, reserved 1179648K
  class space    used 9093K, committed 9664K, reserved 1048576K
}
Event: 12871.607 GC heap after
{Heap after GC invocations=7530 (full 217):
 PSYoungGen      total 1024K, used 512K [0x00000000eab00000, 0x00000000eaf00000, 0x0000000100000000)
  eden space 512K, 0% used [0x00000000eab00000,0x00000000eab00000,0x00000000eab80000)
  from space 512K, 100% used [0x00000000eab80000,0x00000000eac00000,0x00000000eac00000)
  to   space 1536K, 0% used [0x00000000ead80000,0x00000000ead80000,0x00000000eaf00000)
 ParOldGen       total 130560K, used 125691K [0x00000000c0000000, 0x00000000c7f80000, 0x00000000eab00000)
  object space 130560K, 96% used [0x00000000c0000000,0x00000000c7abef30,0x00000000c7f80000)
 Metaspace       used 93875K, committed 95168K, reserved 1179648K
  class space    used 9093K, committed 9664K, reserved 1048576K
}
Event: 12871.608 GC heap before
{Heap before GC invocations=7531 (full 217):
 PSYoungGen      total 1024K, used 1024K [0x00000000eab00000, 0x00000000eaf00000, 0x0000000100000000)
  eden space 512K, 100% used [0x00000000eab00000,0x00000000eab80000,0x00000000eab80000)
  from space 512K, 100% used [0x00000000eab80000,0x00000000eac00000,0x00000000eac00000)
  to   space 1536K, 0% used [0x00000000ead80000,0x00000000ead80000,0x00000000eaf00000)
 ParOldGen       total 130560K, used 125691K [0x00000000c0000000, 0x00000000c7f80000, 0x00000000eab00000)
  object space 130560K, 96% used [0x00000000c0000000,0x00000000c7abef30,0x00000000c7f80000)
 Metaspace       used 93875K, committed 95168K, reserved 1179648K
  class space    used 9093K, committed 9664K, reserved 1048576K
}
Event: 12871.609 GC heap after
{Heap after GC invocations=7531 (full 217):
 PSYoungGen      total 2048K, used 608K [0x00000000eab00000, 0x00000000eae80000, 0x0000000100000000)
  eden space 1024K, 0% used [0x00000000eab00000,0x00000000eab00000,0x00000000eac00000)
  from space 1024K, 59% used [0x00000000ead80000,0x00000000eae18000,0x00000000eae80000)
  to   space 1024K, 0% used [0x00000000eac80000,0x00000000eac80000,0x00000000ead80000)
 ParOldGen       total 130560K, used 126155K [0x00000000c0000000, 0x00000000c7f80000, 0x00000000eab00000)
  object space 130560K, 96% used [0x00000000c0000000,0x00000000c7b32f30,0x00000000c7f80000)
 Metaspace       used 93875K, committed 95168K, reserved 1179648K
  class space    used 9093K, committed 9664K, reserved 1048576K
}
Event: 12871.611 GC heap before
{Heap before GC invocations=7532 (full 217):
 PSYoungGen      total 2048K, used 1632K [0x00000000eab00000, 0x00000000eae80000, 0x0000000100000000)
  eden space 1024K, 100% used [0x00000000eab00000,0x00000000eac00000,0x00000000eac00000)
  from space 1024K, 59% used [0x00000000ead80000,0x00000000eae18000,0x00000000eae80000)
  to   space 1024K, 0% used [0x00000000eac80000,0x00000000eac80000,0x00000000ead80000)
 ParOldGen       total 130560K, used 126155K [0x00000000c0000000, 0x00000000c7f80000, 0x00000000eab00000)
  object space 130560K, 96% used [0x00000000c0000000,0x00000000c7b32f30,0x00000000c7f80000)
 Metaspace       used 93875K, committed 95168K, reserved 1179648K
  class space    used 9093K, committed 9664K, reserved 1048576K
}
Event: 12871.612 GC heap after
{Heap after GC invocations=7532 (full 217):
 PSYoungGen      total 2560K, used 1024K [0x00000000eab00000, 0x00000000eb080000, 0x0000000100000000)
  eden space 1536K, 0% used [0x00000000eab00000,0x00000000eab00000,0x00000000eac80000)
  from space 1024K, 100% used [0x00000000eac80000,0x00000000ead80000,0x00000000ead80000)
  to   space 2048K, 0% used [0x00000000eae80000,0x00000000eae80000,0x00000000eb080000)
 ParOldGen       total 130560K, used 126675K [0x00000000c0000000, 0x00000000c7f80000, 0x00000000eab00000)
  object space 130560K, 97% used [0x00000000c0000000,0x00000000c7bb4f30,0x00000000c7f80000)
 Metaspace       used 93875K, committed 95168K, reserved 1179648K
  class space    used 9093K, committed 9664K, reserved 1048576K
}
Event: 12871.616 GC heap before
{Heap before GC invocations=7533 (full 217):
 PSYoungGen      total 2560K, used 2559K [0x00000000eab00000, 0x00000000eb080000, 0x0000000100000000)
  eden space 1536K, 99% used [0x00000000eab00000,0x00000000eac7fff8,0x00000000eac80000)
  from space 1024K, 100% used [0x00000000eac80000,0x00000000ead80000,0x00000000ead80000)
  to   space 2048K, 0% used [0x00000000eae80000,0x00000000eae80000,0x00000000eb080000)
 ParOldGen       total 130560K, used 126675K [0x00000000c0000000, 0x00000000c7f80000, 0x00000000eab00000)
  object space 130560K, 97% used [0x00000000c0000000,0x00000000c7bb4f30,0x00000000c7f80000)
 Metaspace       used 93875K, committed 95168K, reserved 1179648K
  class space    used 9093K, committed 9664K, reserved 1048576K
}
Event: 12871.617 GC heap after
{Heap after GC invocations=7533 (full 217):
 PSYoungGen      total 3584K, used 1248K [0x00000000eab00000, 0x00000000eb000000, 0x0000000100000000)
  eden space 2048K, 0% used [0x00000000eab00000,0x00000000eab00000,0x00000000ead00000)
  from space 1536K, 81% used [0x00000000eae80000,0x00000000eafb8000,0x00000000eb000000)
  to   space 1536K, 0% used [0x00000000ead00000,0x00000000ead00000,0x00000000eae80000)
 ParOldGen       total 130560K, used 127667K [0x00000000c0000000, 0x00000000c7f80000, 0x00000000eab00000)
  object space 130560K, 97% used [0x00000000c0000000,0x00000000c7cacf30,0x00000000c7f80000)
 Metaspace       used 93875K, committed 95168K, reserved 1179648K
  class space    used 9093K, committed 9664K, reserved 1048576K
}
Event: 12871.621 GC heap before
{Heap before GC invocations=7534 (full 217):
 PSYoungGen      total 3584K, used 3296K [0x00000000eab00000, 0x00000000eb000000, 0x0000000100000000)
  eden space 2048K, 100% used [0x00000000eab00000,0x00000000ead00000,0x00000000ead00000)
  from space 1536K, 81% used [0x00000000eae80000,0x00000000eafb8000,0x00000000eb000000)
  to   space 1536K, 0% used [0x00000000ead00000,0x00000000ead00000,0x00000000eae80000)
 ParOldGen       total 130560K, used 127667K [0x00000000c0000000, 0x00000000c7f80000, 0x00000000eab00000)
  object space 130560K, 97% used [0x00000000c0000000,0x00000000c7cacf30,0x00000000c7f80000)
 Metaspace       used 93875K, committed 95168K, reserved 1179648K
  class space    used 9093K, committed 9664K, reserved 1048576K
}
Event: 12871.622 GC heap after
{Heap after GC invocations=7534 (full 217):
 PSYoungGen      total 3584K, used 832K [0x00000000eab00000, 0x00000000eaf80000, 0x0000000100000000)
  eden space 2048K, 0% used [0x00000000eab00000,0x00000000eab00000,0x00000000ead00000)
  from space 1536K, 54% used [0x00000000ead00000,0x00000000eadd0000,0x00000000eae80000)
  to   space 1024K, 0% used [0x00000000eae80000,0x00000000eae80000,0x00000000eaf80000)
 ParOldGen       total 130560K, used 128830K [0x00000000c0000000, 0x00000000c7f80000, 0x00000000eab00000)
  object space 130560K, 98% used [0x00000000c0000000,0x00000000c7dcf830,0x00000000c7f80000)
 Metaspace       used 93875K, committed 95168K, reserved 1179648K
  class space    used 9093K, committed 9664K, reserved 1048576K
}
Event: 12871.627 GC heap before
{Heap before GC invocations=7535 (full 217):
 PSYoungGen      total 3584K, used 2880K [0x00000000eab00000, 0x00000000eaf80000, 0x0000000100000000)
  eden space 2048K, 100% used [0x00000000eab00000,0x00000000ead00000,0x00000000ead00000)
  from space 1536K, 54% used [0x00000000ead00000,0x00000000eadd0000,0x00000000eae80000)
  to   space 1024K, 0% used [0x00000000eae80000,0x00000000eae80000,0x00000000eaf80000)
 ParOldGen       total 130560K, used 128830K [0x00000000c0000000, 0x00000000c7f80000, 0x00000000eab00000)
  object space 130560K, 98% used [0x00000000c0000000,0x00000000c7dcf830,0x00000000c7f80000)
 Metaspace       used 93875K, committed 95168K, reserved 1179648K
  class space    used 9093K, committed 9664K, reserved 1048576K
}
Event: 12871.628 GC heap after
{Heap after GC invocations=7535 (full 217):
 PSYoungGen      total 2048K, used 1004K [0x00000000eab00000, 0x00000000eb280000, 0x0000000100000000)
  eden space 1024K, 0% used [0x00000000eab00000,0x00000000eab00000,0x00000000eac00000)
  from space 1024K, 98% used [0x00000000eae80000,0x00000000eaf7b040,0x00000000eaf80000)
  to   space 2560K, 0% used [0x00000000eac00000,0x00000000eac00000,0x00000000eae80000)
 ParOldGen       total 130560K, used 129911K [0x00000000c0000000, 0x00000000c7f80000, 0x00000000eab00000)
  object space 130560K, 99% used [0x00000000c0000000,0x00000000c7edde40,0x00000000c7f80000)
 Metaspace       used 93875K, committed 95168K, reserved 1179648K
  class space    used 9093K, committed 9664K, reserved 1048576K
}
Event: 12871.628 GC heap before
{Heap before GC invocations=7536 (full 218):
 PSYoungGen      total 2048K, used 1004K [0x00000000eab00000, 0x00000000eb280000, 0x0000000100000000)
  eden space 1024K, 0% used [0x00000000eab00000,0x00000000eab00000,0x00000000eac00000)
  from space 1024K, 98% used [0x00000000eae80000,0x00000000eaf7b040,0x00000000eaf80000)
  to   space 2560K, 0% used [0x00000000eac00000,0x00000000eac00000,0x00000000eae80000)
 ParOldGen       total 130560K, used 129911K [0x00000000c0000000, 0x00000000c7f80000, 0x00000000eab00000)
  object space 130560K, 99% used [0x00000000c0000000,0x00000000c7edde40,0x00000000c7f80000)
 Metaspace       used 93875K, committed 95168K, reserved 1179648K
  class space    used 9093K, committed 9664K, reserved 1048576K
}

